 > Configure project : Fabric Loom: 1.15.3 > Task :compileJava FAILED ./gradlew : D:\selim\Minecraft and Hytale Mods\oneauras-armor-h ud-template-1.21.11\src\main \java\oneaura\armorhud\Oneau rasArmorHUDClient.java:35: error: incompatible types: String cannot be converted to Category At line:1 char:1 + ./gradlew compileJava 2>&1 | Out-File -FilePath build_error.txt + ~~~~~~~~~~~~~~~~~~~~~~~~~~ + CategoryInfo : NotSpecified: (D:\se lim\Minecr...ted to Cat egory:String) [], Remot eException + FullyQualifiedErrorId : NativeCommandError "category.armorhud")); ^ Note: D:\selim\Minecraft and Hytale Mods\oneauras-arm or-hud-template-1.21.11\src\ main\java\oneaura\armorhud\O neaurasArmorHUDClient.java uses or overrides a deprecated API. Note: Recompile with -Xlint:deprecation for details. Note: Some messages have been simplified; recompile with -Xdiags:verbose to get full output 1 error [Incubating] Problems report is available at: file:///D:/selim/Minecraft%20and%20Hytale%20Mods/oneauras-armor-hud-template-1.21.11/build/reports/problems/problems-report.html FAILURE: Build failed with an exception. * What went wrong: Execution failed for task ':compileJava'. > Compilation failed; see the compiler output below. Note: D:\selim\Minecraft and Hytale Mods\oneauras-arm or-hud-template-1.21.11\src\ main\java\oneaura\armorhud\O neaurasArmorHUDClient.java uses or overrides a deprecated API. Note: Recompile with -Xlint:deprecation for details. D:\selim\Minecraft and Hytale Mods\oneauras-armor-h ud-template-1.21.11\src\main \java\oneaura\armorhud\Oneau rasArmorHUDClient.java:35: error: incompatible types: String cannot be converted to Category "category.armorhud")); ^ Note: Some messages have been simplified; recompile with -Xdiags:verbose to get full output 1 error * Try: > Check your code and dependencies to fix the compilation error(s) > Run with --scan to get full insights from a Build Scan (powered by Develocity). BUILD FAILED in 1s 1 actionable task: 1 executed 
